# JRE version: Java(TM) SE Runtime Environment (8.0_181-b13) (build 1.8.0_181-b13)
# Java VM: Java HotSpot(TM) Client VM (25.181-b13 mixed mode windows-x86 )
Heap:
 def new generation   total 4928K, used 3712K [0x03e00000, 0x04350000, 0x09350000)
  eden space 4416K,  72% used [0x03e00000, 0x04120078, 0x04250000)
  from space 512K, 100% used [0x042d0000, 0x04350000, 0x04350000)
  to   space 512K,   0% used [0x04250000, 0x04250000, 0x042d0000)
 tenured generation   total 10944K, used 6584K [0x09350000, 0x09e00000, 0x13e00000)
   the space 10944K,  60% used [0x09350000, 0x099be210, 0x099be400, 0x09e00000)
 Metaspace       used 10694K, capacity 11223K, committed 11264K, reserved 11648K
GC Heap History (10 events):
Event: 6.377 GC heap before
{Heap before GC invocations=6 (full 0):
 def new generation   total 4928K, used 4928K [0x03e00000, 0x04350000, 0x09350000)
  eden space 4416K, 100% used [0x03e00000, 0x04250000, 0x04250000)
  from space 512K, 100% used [0x04250000, 0x042d0000, 0x042d0000)
  to   space 512K,   0% used [0x042d0000, 0x042d0000, 0x04350000)
 tenured generation   total 10944K, used 4263K [0x09350000, 0x09e00000, 0x13e00000)
   the space 10944K,  38% used [0x09350000, 0x09779cc8, 0x09779e00, 0x09e00000)
 Metaspace       used 8058K, capacity 8225K, committed 8320K, reserved 8576K
Event: 6.380 GC heap after
Heap after GC invocations=7 (full 0):
 def new generation   total 4928K, used 512K [0x03e00000, 0x04350000, 0x09350000)
  eden space 4416K,   0% used [0x03e00000, 0x03e00000, 0x04250000)
  from space 512K, 100% used [0x042d0000, 0x04350000, 0x04350000)
  to   space 512K,   0% used [0x04250000, 0x04250000, 0x042d0000)
 tenured generation   total 10944K, used 4925K [0x09350000, 0x09e00000, 0x13e00000)
   the space 10944K,  45% used [0x09350000, 0x0981f6b0, 0x0981f800, 0x09e00000)
 Metaspace       used 8058K, capacity 8225K, committed 8320K, reserved 8576K
}
Event: 6.943 GC heap before
{Heap before GC invocations=7 (full 0):
 def new generation   total 4928K, used 4928K [0x03e00000, 0x04350000, 0x09350000)
  eden space 4416K, 100% used [0x03e00000, 0x04250000, 0x04250000)
  from space 512K, 100% used [0x042d0000, 0x04350000, 0x04350000)
  to   space 512K,   0% used [0x04250000, 0x04250000, 0x042d0000)
 tenured generation   total 10944K, used 4925K [0x09350000, 0x09e00000, 0x13e00000)
   the space 10944K,  45% used [0x09350000, 0x0981f6b0, 0x0981f800, 0x09e00000)
 Metaspace       used 8502K, capacity 8696K, committed 8704K, reserved 9600K
Event: 6.950 GC heap after
Heap after GC invocations=8 (full 0):
 def new generation   total 4928K, used 499K [0x03e00000, 0x04350000, 0x09350000)
  eden space 4416K,   0% used [0x03e00000, 0x03e00000, 0x04250000)
  from space 512K,  97% used [0x04250000, 0x042ccd68, 0x042d0000)
  to   space 512K,   0% used [0x042d0000, 0x042d0000, 0x04350000)
 tenured generation   total 10944K, used 5350K [0x09350000, 0x09e00000, 0x13e00000)
   the space 10944K,  48% used [0x09350000, 0x098899e8, 0x09889a00, 0x09e00000)
 Metaspace       used 8502K, capacity 8696K, committed 8704K, reserved 9600K
}
Event: 7.055 GC heap before
{Heap before GC invocations=8 (full 0):
 def new generation   total 4928K, used 4915K [0x03e00000, 0x04350000, 0x09350000)
  eden space 4416K, 100% used [0x03e00000, 0x04250000, 0x04250000)
  from space 512K,  97% used [0x04250000, 0x042ccd68, 0x042d0000)
  to   space 512K,   0% used [0x042d0000, 0x042d0000, 0x04350000)
 tenured generation   total 10944K, used 5350K [0x09350000, 0x09e00000, 0x13e00000)
   the space 10944K,  48% used [0x09350000, 0x098899e8, 0x09889a00, 0x09e00000)
 Metaspace       used 9203K, capacity 9552K, committed 9600K, reserved 9600K
Event: 7.057 GC heap after
Heap after GC invocations=9 (full 0):
 def new generation   total 4928K, used 511K [0x03e00000, 0x04350000, 0x09350000)
  eden space 4416K,   0% used [0x03e00000, 0x03e00000, 0x04250000)
  from space 512K,  99% used [0x042d0000, 0x0434fff8, 0x04350000)
  to   space 512K,   0% used [0x04250000, 0x04250000, 0x042d0000)
 tenured generation   total 10944K, used 5784K [0x09350000, 0x09e00000, 0x13e00000)
   the space 10944K,  52% used [0x09350000, 0x098f6268, 0x098f6400, 0x09e00000)
 Metaspace       used 9203K, capacity 9552K, committed 9600K, reserved 9600K
}
Event: 7.120 GC heap before
{Heap before GC invocations=9 (full 0):
 def new generation   total 4928K, used 4927K [0x03e00000, 0x04350000, 0x09350000)
  eden space 4416K, 100% used [0x03e00000, 0x04250000, 0x04250000)
  from space 512K,  99% used [0x042d0000, 0x0434fff8, 0x04350000)
  to   space 512K,   0% used [0x04250000, 0x04250000, 0x042d0000)
 tenured generation   total 10944K, used 5784K [0x09350000, 0x09e00000, 0x13e00000)
   the space 10944K,  52% used [0x09350000, 0x098f6268, 0x098f6400, 0x09e00000)
 Metaspace       used 9731K, capacity 10200K, committed 10240K, reserved 10624K
Event: 7.122 GC heap after
Heap after GC invocations=10 (full 0):
 def new generation   total 4928K, used 511K [0x03e00000, 0x04350000, 0x09350000)
  eden space 4416K,   0% used [0x03e00000, 0x03e00000, 0x04250000)
  from space 512K,  99% used [0x04250000, 0x042cfff8, 0x042d0000)
  to   space 512K,   0% used [0x042d0000, 0x042d0000, 0x04350000)
 tenured generation   total 10944K, used 6110K [0x09350000, 0x09e00000, 0x13e00000)
   the space 10944K,  55% used [0x09350000, 0x09947a38, 0x09947c00, 0x09e00000)
 Metaspace       used 9731K, capacity 10200K, committed 10240K, reserved 10624K
}
Event: 7.187 GC heap before
{Heap before GC invocations=10 (full 0):
 def new generation   total 4928K, used 4927K [0x03e00000, 0x04350000, 0x09350000)
  eden space 4416K, 100% used [0x03e00000, 0x04250000, 0x04250000)
  from space 512K,  99% used [0x04250000, 0x042cfff8, 0x042d0000)
  to   space 512K,   0% used [0x042d0000, 0x042d0000, 0x04350000)
 tenured generation   total 10944K, used 6110K [0x09350000, 0x09e00000, 0x13e00000)
   the space 10944K,  55% used [0x09350000, 0x09947a38, 0x09947c00, 0x09e00000)
 Metaspace       used 10317K, capacity 10804K, committed 10880K, reserved 11648K
Event: 7.190 GC heap after
Heap after GC invocations=11 (full 0):
 def new generation   total 4928K, used 512K [0x03e00000, 0x04350000, 0x09350000)
  eden space 4416K,   0% used [0x03e00000, 0x03e00000, 0x04250000)
  from space 512K, 100% used [0x042d0000, 0x04350000, 0x04350000)
  to   space 512K,   0% used [0x04250000, 0x04250000, 0x042d0000)
 tenured generation   total 10944K, used 6584K [0x09350000, 0x09e00000, 0x13e00000)
   the space 10944K,  60% used [0x09350000, 0x099be210, 0x099be400, 0x09e00000)
 Metaspace       used 10317K, capacity 10804K, committed 10880K, reserved 11648K
}

